2025-08-19 09:02:00 | INFO | repo=tictactoe | action=commit
2025-10-14 10:20:00 | DEBUG | repo=tictactoe | action=commit
2025-01-25 13:19:00 | INFO | repo=tictactoe | action=commit
2025-07-06 21:55:00 | WARN | repo=tictactoe | action=commit
2025-08-17 15:48:00 | WARN | repo=tictactoe | action=commit
2025-10-06 10:10:00 | DEBUG | repo=tictactoe | action=commit
2025-02-13 09:17:00 | INFO | repo=tictactoe | action=edit | files=5
2025-03-26 07:43:00 | DEBUG | repo=tictactoe | action=commit
2025-02-19 21:44:00 | WARN | repo=tictactoe | action=test | passed=true
2025-03-18 10:34:00 | DEBUG | repo=tictactoe | action=commit
2025-06-23 14:33:00 | INFO | repo=tictactoe | action=pull
2025-06-06 21:35:00 | DEBUG | repo=tictactoe | action=commit
2025-03-19 20:42:00 | INFO | repo=tictactoe | action=edit | files=1
2025-04-10 21:59:00 | WARN | repo=tictactoe | action=commit
2025-12-01 19:54:00 | WARN | repo=tictactoe | action=pull
2025-02-27 10:37:00 | INFO | repo=tictactoe | action=commit
2025-03-11 12:49:00 | WARN | repo=tictactoe | action=pull
2025-04-02 12:11:00 | INFO | repo=tictactoe | action=edit | files=3
2025-05-12 12:15:00 | WARN | repo=tictactoe | action=commit
2025-05-03 19:45:00 | WARN | repo=tictactoe | action=commit
2025-04-03 19:29:00 | INFO | repo=tictactoe | action=commit
2025-03-08 19:01:00 | INFO | repo=tictactoe | action=commit
2025-08-06 12:28:00 | DEBUG | repo=tictactoe | action=commit
2025-07-28 19:45:00 | WARN | repo=tictactoe | action=commit
2025-01-15 18:25:00 | DEBUG | repo=tictactoe | action=commit
2025-01-03 16:02:00 | WARN | repo=tictactoe | action=commit
2025-11-28 15:01:00 | INFO | repo=tictactoe | action=commit
2025-10-10 18:23:00 | INFO | repo=tictactoe | action=commit
2025-04-08 18:15:00 | WARN | repo=tictactoe | action=commit
2025-02-28 15:53:00 | INFO | repo=tictactoe | action=commit
2025-08-18 15:23:00 | WARN | repo=tictactoe | action=commit
2025-07-24 12:00:00 | WARN | repo=tictactoe | action=commit
2025-05-12 16:43:00 | DEBUG | repo=tictactoe | action=commit
2025-07-11 19:09:00 | WARN | repo=tictactoe | action=commit
2025-09-07 20:02:00 | DEBUG | repo=tictactoe | action=commit
2025-11-06 17:20:00 | DEBUG | repo=tictactoe | action=edit | files=4
2025-12-06 09:32:00 | DEBUG | repo=tictactoe | action=commit
2025-03-25 18:25:00 | DEBUG | repo=tictactoe | action=commit
2025-09-26 18:28:00 | INFO | repo=tictactoe | action=commit
2025-10-27 19:14:00 | WARN | repo=tictactoe | action=commit
2025-05-18 19:30:00 | DEBUG | repo=tictactoe | action=pull
2025-12-27 13:55:00 | INFO | repo=tictactoe | action=commit
2025-09-28 07:48:00 | INFO | repo=tictactoe | action=commit
2025-08-17 13:18:00 | INFO | repo=tictactoe | action=commit
2025-01-01 20:14:00 | WARN | repo=tictactoe | action=commit
2025-06-27 20:48:00 | INFO | repo=tictactoe | action=commit
2025-02-20 18:48:00 | INFO | repo=tictactoe | action=edit | files=4
2025-06-16 08:26:00 | DEBUG | repo=tictactoe | action=commit
2025-06-03 11:52:00 | WARN | repo=tictactoe | action=edit | files=1
2025-07-17 08:18:00 | WARN | repo=tictactoe | action=commit
2025-08-12 21:21:00 | INFO | repo=tictactoe | action=commit
2025-03-11 11:41:00 | DEBUG | repo=tictactoe | action=commit
2025-09-21 14:30:00 | WARN | repo=tictactoe | action=commit
2025-11-12 15:00:00 | WARN | repo=tictactoe | action=commit
2025-09-14 21:08:00 | DEBUG | repo=tictactoe | action=commit
2025-08-14 12:29:00 | DEBUG | repo=tictactoe | action=commit
2025-06-26 18:17:00 | DEBUG | repo=tictactoe | action=commit
2025-06-10 12:47:00 | DEBUG | repo=tictactoe | action=commit
2025-10-13 21:31:00 | INFO | repo=tictactoe | action=pull
2025-03-04 15:31:00 | INFO | repo=tictactoe | action=commit
2025-04-16 16:37:00 | INFO | repo=tictactoe | action=commit
2025-03-24 12:26:00 | WARN | repo=tictactoe | action=commit
2025-09-18 12:41:00 | DEBUG | repo=tictactoe | action=commit
2025-12-24 17:12:00 | INFO | repo=tictactoe | action=test | passed=true
2025-10-12 07:04:00 | INFO | repo=tictactoe | action=commit
2025-12-08 15:00:00 | DEBUG | repo=tictactoe | action=commit
2025-08-14 13:50:00 | INFO | repo=tictactoe | action=edit | files=3
2025-02-12 12:18:00 | INFO | repo=tictactoe | action=commit
2025-07-22 21:37:00 | INFO | repo=tictactoe | action=commit
2025-03-15 09:47:00 | DEBUG | repo=tictactoe | action=test | passed=true
2025-07-06 16:44:00 | DEBUG | repo=tictactoe | action=commit
2025-01-21 14:10:00 | INFO | repo=tictactoe | action=edit | files=2
2025-06-24 10:19:00 | DEBUG | repo=tictactoe | action=commit
2025-07-23 10:14:00 | DEBUG | repo=tictactoe | action=commit
2025-03-17 07:12:00 | WARN | repo=tictactoe | action=commit
2025-08-28 10:07:00 | INFO | repo=tictactoe | action=pull
2025-05-17 08:43:00 | DEBUG | repo=tictactoe | action=pull
2025-12-10 13:05:00 | INFO | repo=tictactoe | action=commit
2025-02-13 11:44:00 | DEBUG | repo=tictactoe | action=commit
2025-08-14 20:04:00 | WARN | repo=tictactoe | action=test | passed=true
2025-02-05 19:59:00 | INFO | repo=tictactoe | action=commit
2025-09-10 19:37:00 | WARN | repo=tictactoe | action=commit
2025-09-18 09:54:00 | DEBUG | repo=tictactoe | action=commit
2025-05-10 16:49:00 | INFO | repo=tictactoe | action=commit
2025-12-01 08:27:00 | INFO | repo=tictactoe | action=edit | files=5
2025-06-07 10:20:00 | DEBUG | repo=tictactoe | action=commit
2025-09-14 18:44:00 | WARN | repo=tictactoe | action=commit
2025-10-17 17:23:00 | INFO | repo=tictactoe | action=commit
2025-10-03 18:46:00 | WARN | repo=tictactoe | action=commit
2025-08-28 19:10:00 | WARN | repo=tictactoe | action=test | passed=true
2025-07-20 08:59:00 | DEBUG | repo=tictactoe | action=commit
2025-03-14 20:20:00 | WARN | repo=tictactoe | action=commit
2025-07-17 20:48:00 | DEBUG | repo=tictactoe | action=edit | files=1
2025-11-05 12:14:00 | WARN | repo=tictactoe | action=commit
2025-05-22 19:48:00 | DEBUG | repo=tictactoe | action=commit
2025-04-12 17:30:00 | INFO | repo=tictactoe | action=test | passed=true
2025-03-01 12:25:00 | WARN | repo=tictactoe | action=commit
2025-07-10 08:32:00 | DEBUG | repo=tictactoe | action=commit
2025-04-08 16:35:00 | DEBUG | repo=tictactoe | action=commit
